<?xml version="1.0" encoding="UTF-8"?>
<!-- Generated by org.testng.reporters.JUnitXMLReporter -->
<testsuite ignored="0" hostname="DESKTOP-1TAUNPC" failures="0" tests="6" name="Surefire test" time="0.097" errors="0" timestamp="2022-07-09T17:52:43 IST">
  <testcase classname="testing.MobileTest" name="Android" time="0.009"/>
  <testcase classname="testing.MobileTest" name="IOS" time="0.001"/>
  <testcase classname="testing.RestAssuredTest" name="SoapUI" time="0.001"/>
  <testcase classname="testing.RestAssuredTest" name="TestAPI" time="0.001"/>
  <testcase classname="testing.SeleniumTest" name="Chrome" time="0.003"/>
  <testcase classname="testing.SeleniumTest" name="Firefox" time="0.001"/>
</testsuite> <!-- Surefire test -->
