<?xml version="1.0" encoding="UTF-8"?>
<!-- Generated by org.testng.reporters.JUnitXMLReporter -->
<testsuite ignored="0" hostname="DESKTOP-1TAUNPC" failures="0" tests="6" name="Test" time="0.185" errors="0" timestamp="2022-07-09T18:30:02 IST">
  <testcase classname="testing.RestAssuredTest" name="SoapUI" time="0.017"/>
  <testcase classname="testing.RestAssuredTest" name="TestAPI" time="0.003"/>
  <testcase classname="testing.MobileTest" name="Android" time="0.003"/>
  <testcase classname="testing.MobileTest" name="IOS" time="0.001"/>
  <testcase classname="testing.SeleniumTest" name="Chrome" time="0.006"/>
  <testcase classname="testing.SeleniumTest" name="Firefox" time="0.009"/>
</testsuite> <!-- Test -->
