<?xml version="1.0" encoding="UTF-8"?>
<!-- Generated by org.testng.reporters.JUnitXMLReporter -->
<testsuite hostname="DESKTOP-1TAUNPC" failures="0" tests="4" name="Test" time="0.04" errors="0" timestamp="9 Jul 2022 13:27:58 GMT">
  <testcase classname="testing.RestAssuredTest" name="SoapUI" time="0.015"/>
  <testcase classname="testing.RestAssuredTest" name="TestAPI" time="0.001"/>
  <testcase classname="testing.MobileTest" name="Android" time="0.001"/>
  <testcase classname="testing.MobileTest" name="IOS" time="0.001"/>
</testsuite> <!-- Test -->
