<?xml version="1.0" encoding="UTF-8"?>
<testng-results total="4" passed="4" failed="0" skipped="0">
  <reporter-output>
  </reporter-output>
  <suite started-at="2022-07-09T13:27:58Z" name="Suite" finished-at="2022-07-09T13:27:58Z" duration-ms="40">
    <groups>
    </groups>
    <test started-at="2022-07-09T13:27:58Z" name="Test" finished-at="2022-07-09T13:27:58Z" duration-ms="40">
      <class name="testing.RestAssuredTest">
        <test-method signature="SoapUI()[pri:0, instance:testing.RestAssuredTest@28261e8e]" started-at="2022-07-09T18:57:58Z" name="SoapUI" finished-at="2022-07-09T18:57:58Z" duration-ms="15" status="PASS">
          <reporter-output>
          </reporter-output>
        </test-method> <!-- SoapUI -->
        <test-method signature="TestAPI()[pri:0, instance:testing.RestAssuredTest@28261e8e]" started-at="2022-07-09T18:57:58Z" name="TestAPI" finished-at="2022-07-09T18:57:58Z" duration-ms="1" status="PASS">
          <reporter-output>
          </reporter-output>
        </test-method> <!-- TestAPI -->
      </class> <!-- testing.RestAssuredTest -->
      <class name="testing.MobileTest">
        <test-method signature="Android()[pri:0, instance:testing.MobileTest@2d901eb0]" started-at="2022-07-09T18:57:58Z" name="Android" finished-at="2022-07-09T18:57:58Z" duration-ms="1" status="PASS">
          <reporter-output>
          </reporter-output>
        </test-method> <!-- Android -->
        <test-method signature="IOS()[pri:0, instance:testing.MobileTest@2d901eb0]" started-at="2022-07-09T18:57:58Z" name="IOS" finished-at="2022-07-09T18:57:58Z" duration-ms="1" status="PASS">
          <reporter-output>
          </reporter-output>
        </test-method> <!-- IOS -->
      </class> <!-- testing.MobileTest -->
    </test> <!-- Test -->
  </suite> <!-- Suite -->
</testng-results>
