<?xml version="1.0" encoding="UTF-8"?>
<testng-results ignored="0" total="6" passed="6" failed="0" skipped="0">
  <reporter-output>
  </reporter-output>
  <suite started-at="2022-07-09T18:30:02 IST" name="Suite" finished-at="2022-07-09T18:30:02 IST" duration-ms="185">
    <groups>
    </groups>
    <test started-at="2022-07-09T18:30:02 IST" name="Test" finished-at="2022-07-09T18:30:02 IST" duration-ms="185">
      <class name="testing.SeleniumTest">
        <test-method signature="Chrome()[pri:0, instance:testing.SeleniumTest@7133da86]" started-at="2022-07-09T18:30:02 IST" name="Chrome" finished-at="2022-07-09T18:30:02 IST" duration-ms="6" status="PASS">
          <reporter-output>
          </reporter-output>
        </test-method> <!-- Chrome -->
        <test-method signature="Firefox()[pri:0, instance:testing.SeleniumTest@7133da86]" started-at="2022-07-09T18:30:02 IST" name="Firefox" finished-at="2022-07-09T18:30:02 IST" duration-ms="9" status="PASS">
          <reporter-output>
          </reporter-output>
        </test-method> <!-- Firefox -->
      </class> <!-- testing.SeleniumTest -->
      <class name="testing.RestAssuredTest">
        <test-method signature="SoapUI()[pri:0, instance:testing.RestAssuredTest@4a7f959b]" started-at="2022-07-09T18:30:02 IST" name="SoapUI" finished-at="2022-07-09T18:30:02 IST" duration-ms="17" status="PASS">
          <reporter-output>
          </reporter-output>
        </test-method> <!-- SoapUI -->
        <test-method signature="TestAPI()[pri:0, instance:testing.RestAssuredTest@4a7f959b]" started-at="2022-07-09T18:30:02 IST" name="TestAPI" finished-at="2022-07-09T18:30:02 IST" duration-ms="3" status="PASS">
          <reporter-output>
          </reporter-output>
        </test-method> <!-- TestAPI -->
      </class> <!-- testing.RestAssuredTest -->
      <class name="testing.MobileTest">
        <test-method signature="Android()[pri:0, instance:testing.MobileTest@4d0f2471]" started-at="2022-07-09T18:30:02 IST" name="Android" finished-at="2022-07-09T18:30:02 IST" duration-ms="3" status="PASS">
          <reporter-output>
          </reporter-output>
        </test-method> <!-- Android -->
        <test-method signature="IOS()[pri:0, instance:testing.MobileTest@4d0f2471]" started-at="2022-07-09T18:30:02 IST" name="IOS" finished-at="2022-07-09T18:30:02 IST" duration-ms="1" status="PASS">
          <reporter-output>
          </reporter-output>
        </test-method> <!-- IOS -->
      </class> <!-- testing.MobileTest -->
    </test> <!-- Test -->
  </suite> <!-- Suite -->
</testng-results>
